#
# A fatal error has been detected by the Java Runtime Environment:
#
#  EXCEPTION_ACCESS_VIOLATION (0xc0000005) at pc=0x000000006ffef468, pid=6256, tid=7836
#
# JRE version: Java(TM) SE Runtime Environment (8.0_60-b27) (build 1.8.0_60-b27)
# Java VM: Java HotSpot(TM) 64-Bit Server VM (25.60-b23 mixed mode windows-amd64 compressed oops)
# Problematic frame:
# V  [jvm.dll+0x45f468]
#
# Failed to write core dump. Minidumps are not enabled by default on client versions of Windows
#
# If you would like to submit a bug report, please visit:
#   http://bugreport.java.com/bugreport/crash.jsp
#

---------------  T H R E A D  ---------------

Current thread (0x0000000054f4d800):  JavaThread "C2 CompilerThread1" daemon [_thread_in_native, id=7836, stack(0x0000000056730000,0x0000000056830000)]

siginfo: ExceptionCode=0xc0000005, reading address 0xffffffff000000b8

Registers:
RAX=0xffffffff00000000, RBX=0x0000000070365e08, RCX=0x000000005a0462f8, RDX=0x0000000000000000
RSP=0x000000005682c7b0, RBP=0xffffffffffffffff, RSI=0x000000005a0462f8, RDI=0x0000000058c618c0
R8 =0x00000000ffffffff, R9 =0x0000000000000001, R10=0x000000000000001a, R11=0x0000000000000000
R12=0x000000005682cbc0, R13=0x0000000000000000, R14=0x000000006fb90000, R15=0x0000000000000001
RIP=0x000000006ffef468, EFLAGS=0x0000000000010202

Top of Stack: (sp=0x000000005682c7b0)
0x000000005682c7b0:   000000005b78ba30 0000000059875558
0x000000005682c7c0:   0000000058c618c0 0000000070365e08
0x000000005682c7d0:   70365e0800000103 0000000058c618c0
0x000000005682c7e0:   0000000000000098 0000000000000103
0x000000005682c7f0:   0000000000000000 0000000000000000
0x000000005682c800:   000000005682c8d0 00000000000003d8
0x000000005682c810:   0000000056eb7248 0000000056eb6e70
0x000000005682c820:   000000005682c950 0000000000000000
0x000000005682c830:   000000005682cbc0 0000000056eb6e60
0x000000005682c840:   0000000000000000 000000006fff2644
0x000000005682c850:   000000005682cbc0 000000005682c901
0x000000005682c860:   00000000ffffffff 0000000000000013
0x000000005682c870:   0000000000000002 0000000056eb6e60
0x000000005682c880:   0000000058766f50 000000005876cf00
0x000000005682c890:   000000005876ef38 00000000006fa878
0x000000005682c8a0:   0000000000000002 0000000056ba3fb0 

Instructions: (pc=0x000000006ffef468)
0x000000006ffef448:   00 00 8b 5e 18 41 83 c8 ff 89 5c 24 24 44 89 84
0x000000006ffef458:   24 b0 00 00 00 45 84 c9 74 38 48 8b 06 48 8b ce
0x000000006ffef468:   ff 90 b8 00 00 00 44 8b c0 89 84 24 b0 00 00 00
0x000000006ffef478:   83 f8 ff 74 14 8b d0 48 8b ce e8 d9 0d 07 00 44 


Register to memory mapping:

RAX=0xffffffff00000000 is an unknown value
RBX=0x0000000070365e08 is an unknown value
RCX=0x000000005a0462f8 is an unknown value
RDX=0x0000000000000000 is an unknown value
RSP=0x000000005682c7b0 is pointing into the stack for thread: 0x0000000054f4d800
RBP=0xffffffffffffffff is an unknown value
RSI=0x000000005a0462f8 is an unknown value
RDI=0x0000000058c618c0 is an unknown value
R8 =0x00000000ffffffff is an unknown value
R9 =0x0000000000000001 is an unknown value
R10=0x000000000000001a is an unknown value
R11=0x0000000000000000 is an unknown value
R12=0x000000005682cbc0 is pointing into the stack for thread: 0x0000000054f4d800
R13=0x0000000000000000 is an unknown value
R14=0x000000006fb90000 is an unknown value
R15=0x0000000000000001 is an unknown value


Stack: [0x0000000056730000,0x0000000056830000],  sp=0x000000005682c7b0,  free space=1009k
Native frames: (J=compiled Java code, j=interpreted, Vv=VM code, C=native code)
V  [jvm.dll+0x45f468]
V  [jvm.dll+0x462644]
V  [jvm.dll+0x46d51b]
V  [jvm.dll+0x46fb32]
V  [jvm.dll+0x452cb2]
V  [jvm.dll+0xa4662]
V  [jvm.dll+0xa4f9f]
V  [jvm.dll+0x243134]
V  [jvm.dll+0x299f6a]
C  [msvcr100.dll+0x21d9f]
C  [msvcr100.dll+0x21e3b]
C  [kernel32.dll+0x159bd]
C  [ntdll.dll+0x2a2e1]


Current CompileTask:
C2:   7290 2074   !   4       com.android.dx.cf.code.Ropper::processBlock (1101 bytes)


---------------  P R O C E S S  ---------------

Java Threads: ( => current thread )
  0x0000000056e2c800 JavaThread "pool-1-thread-4" [_thread_in_vm, id=7888, stack(0x0000000057af0000,0x0000000057bf0000)]
  0x0000000056e26800 JavaThread "pool-1-thread-3" [_thread_in_Java, id=4084, stack(0x0000000057940000,0x0000000057a40000)]
  0x0000000056e21800 JavaThread "pool-1-thread-2" [_thread_in_Java, id=7772, stack(0x0000000057730000,0x0000000057830000)]
  0x0000000056e20000 JavaThread "pool-2-thread-1" [_thread_blocked, id=4944, stack(0x0000000057590000,0x0000000057690000)]
  0x0000000056d63000 JavaThread "pool-1-thread-1" [_thread_in_Java, id=6584, stack(0x0000000057400000,0x0000000057500000)]
  0x0000000056bea800 JavaThread "Service Thread" daemon [_thread_blocked, id=6500, stack(0x0000000057130000,0x0000000057230000)]
  0x0000000054f4e800 JavaThread "C1 CompilerThread2" daemon [_thread_blocked, id=7864, stack(0x0000000056a80000,0x0000000056b80000)]
=>0x0000000054f4d800 JavaThread "C2 CompilerThread1" daemon [_thread_in_native, id=7836, stack(0x0000000056730000,0x0000000056830000)]
  0x0000000054f47800 JavaThread "C2 CompilerThread0" daemon [_thread_in_native, id=1388, stack(0x00000000568b0000,0x00000000569b0000)]
  0x0000000054f43000 JavaThread "Attach Listener" daemon [_thread_blocked, id=5872, stack(0x0000000056600000,0x0000000056700000)]
  0x0000000054f42000 JavaThread "Signal Dispatcher" daemon [_thread_blocked, id=7392, stack(0x0000000056450000,0x0000000056550000)]
  0x0000000054ee8000 JavaThread "Finalizer" daemon [_thread_blocked, id=8024, stack(0x0000000056080000,0x0000000056180000)]
  0x0000000054ee1000 JavaThread "Reference Handler" daemon [_thread_blocked, id=4188, stack(0x0000000056240000,0x0000000056340000)]
  0x00000000020ae000 JavaThread "main" [_thread_in_Java, id=2068, stack(0x00000000023d0000,0x00000000024d0000)]

Other Threads:
  0x0000000054edb800 VMThread [stack: 0x0000000055f60000,0x0000000056060000] [id=3752]
  0x0000000056c23000 WatcherThread [stack: 0x00000000572b0000,0x00000000573b0000] [id=792]

VM state:not at safepoint (normal execution)

VM Mutex/Monitor currently owned by a thread: None

Heap:
 PSYoungGen      total 239104K, used 192189K [0x00000000eab00000, 0x0000000100000000, 0x0000000100000000)
  eden space 183296K, 74% used [0x00000000eab00000,0x00000000f3037558,0x00000000f5e00000)
  from space 55808K, 99% used [0x00000000f5e00000,0x00000000f94780f8,0x00000000f9480000)
  to   space 68608K, 0% used [0x00000000fbd00000,0x00000000fbd00000,0x0000000100000000)
 ParOldGen       total 123392K, used 74416K [0x00000000c0000000, 0x00000000c7880000, 0x00000000eab00000)
  object space 123392K, 60% used [0x00000000c0000000,0x00000000c48ac0f8,0x00000000c7880000)
 Metaspace       used 6301K, capacity 7222K, committed 7296K, reserved 1056768K
  class space    used 608K, capacity 622K, committed 640K, reserved 1048576K

Card table byte_map: [0x0000000011b60000,0x0000000011d70000] byte_map_base: 0x0000000011560000

Marking Bits: (ParMarkBitMap*) 0x000000007039a5b0
 Begin Bits: [0x0000000012350000, 0x0000000013350000)
 End Bits:   [0x0000000013350000, 0x0000000014350000)

Polling page: 0x0000000000340000

CodeCache: size=245760Kb used=9280Kb max_used=9280Kb free=236479Kb
 bounds [0x00000000027a0000, 0x00000000030c0000, 0x00000000117a0000]
 total_blobs=2321 nmethods=2059 adapters=175
 compilation: enabled

Compilation events (10 events):
Event: 6.558 Thread 0x0000000054f4e800 2123       2       com.android.dx.ssa.LiteralOpUpgrader::isConstIntZeroOrKnownNull (34 bytes)
Event: 6.559 Thread 0x0000000054f4e800 nmethod 2123 0x0000000002fe0750 code [0x0000000002fe08c0, 0x0000000002fe0ac8]
Event: 6.566 Thread 0x0000000054f47800 nmethod 2057 0x0000000002ffc810 code [0x0000000002ffc9a0, 0x0000000002ffd118]
Event: 6.566 Thread 0x0000000054f47800 2124 %     4       com.android.dx.ssa.SsaMethod::mapRegisters @ 36 (87 bytes)
Event: 6.587 Thread 0x0000000054f47800 nmethod 2124% 0x0000000002ffdbd0 code [0x0000000002ffddc0, 0x0000000002ffe8c8]
Event: 6.587 Thread 0x0000000054f47800 2073 %     4       com.android.dx.ssa.SsaConverter::placePhiFunctions @ 264 (394 bytes)
Event: 6.615 Thread 0x0000000054f4e800 2126 % !   3       com.android.dx.cf.code.RopperMachine::run @ 247 (1550 bytes)
Event: 6.638 Thread 0x0000000054f4e800 nmethod 2126% 0x0000000003017b10 code [0x0000000003018d60, 0x0000000003027828]
Event: 6.638 Thread 0x0000000054f4e800 2127       2       com.android.dx.ssa.back.FirstFitLocalCombiningAllocator::adjustAndMapSourceRangeRange (196 bytes)
Event: 6.640 Thread 0x0000000054f4e800 nmethod 2127 0x00000000030003d0 code [0x0000000003000600, 0x0000000003000cc8]

GC Heap History (10 events):
Event: 3.428 GC heap before
{Heap before GC invocations=8 (full 1):
 PSYoungGen      total 114176K, used 113804K [0x00000000eab00000, 0x00000000f4f80000, 0x0000000100000000)
  eden space 96768K, 100% used [0x00000000eab00000,0x00000000f0980000,0x00000000f0980000)
  from space 17408K, 97% used [0x00000000f3e80000,0x00000000f4f23320,0x00000000f4f80000)
  to   space 25600K, 0% used [0x00000000f1d80000,0x00000000f1d80000,0x00000000f3680000)
 ParOldGen       total 62464K, used 17995K [0x00000000c0000000, 0x00000000c3d00000, 0x00000000eab00000)
  object space 62464K, 28% used [0x00000000c0000000,0x00000000c1192d98,0x00000000c3d00000)
 Metaspace       used 5930K, capacity 7024K, committed 7296K, reserved 1056768K
  class space    used 584K, capacity 616K, committed 640K, reserved 1048576K
Event: 3.494 GC heap after
Heap after GC invocations=8 (full 1):
 PSYoungGen      total 142848K, used 25597K [0x00000000eab00000, 0x00000000f7a80000, 0x0000000100000000)
  eden space 117248K, 0% used [0x00000000eab00000,0x00000000eab00000,0x00000000f1d80000)
  from space 25600K, 99% used [0x00000000f1d80000,0x00000000f367f718,0x00000000f3680000)
  to   space 32256K, 0% used [0x00000000f5b00000,0x00000000f5b00000,0x00000000f7a80000)
 ParOldGen       total 62464K, used 21585K [0x00000000c0000000, 0x00000000c3d00000, 0x00000000eab00000)
  object space 62464K, 34% used [0x00000000c0000000,0x00000000c1514558,0x00000000c3d00000)
 Metaspace       used 5930K, capacity 7024K, committed 7296K, reserved 1056768K
  class space    used 584K, capacity 616K, committed 640K, reserved 1048576K
}
Event: 4.052 GC heap before
{Heap before GC invocations=9 (full 1):
 PSYoungGen      total 142848K, used 142845K [0x00000000eab00000, 0x00000000f7a80000, 0x0000000100000000)
  eden space 117248K, 100% used [0x00000000eab00000,0x00000000f1d80000,0x00000000f1d80000)
  from space 25600K, 99% used [0x00000000f1d80000,0x00000000f367f718,0x00000000f3680000)
  to   space 32256K, 0% used [0x00000000f5b00000,0x00000000f5b00000,0x00000000f7a80000)
 ParOldGen       total 62464K, used 21585K [0x00000000c0000000, 0x00000000c3d00000, 0x00000000eab00000)
  object space 62464K, 34% used [0x00000000c0000000,0x00000000c1514558,0x00000000c3d00000)
 Metaspace       used 6005K, capacity 7088K, committed 7296K, reserved 1056768K
  class space    used 584K, capacity 616K, committed 640K, reserved 1048576K
Event: 4.111 GC heap after
Heap after GC invocations=9 (full 1):
 PSYoungGen      total 175616K, used 28809K [0x00000000eab00000, 0x00000000fa380000, 0x0000000100000000)
  eden space 143360K, 0% used [0x00000000eab00000,0x00000000eab00000,0x00000000f3700000)
  from space 32256K, 89% used [0x00000000f5b00000,0x00000000f7722428,0x00000000f7a80000)
  to   space 36864K, 0% used [0x00000000f3700000,0x00000000f3700000,0x00000000f5b00000)
 ParOldGen       total 62464K, used 21593K [0x00000000c0000000, 0x00000000c3d00000, 0x00000000eab00000)
  object space 62464K, 34% used [0x00000000c0000000,0x00000000c1516558,0x00000000c3d00000)
 Metaspace       used 6005K, capacity 7088K, committed 7296K, reserved 1056768K
  class space    used 584K, capacity 616K, committed 640K, reserved 1048576K
}
Event: 4.821 GC heap before
{Heap before GC invocations=10 (full 1):
 PSYoungGen      total 175616K, used 172169K [0x00000000eab00000, 0x00000000fa380000, 0x0000000100000000)
  eden space 143360K, 100% used [0x00000000eab00000,0x00000000f3700000,0x00000000f3700000)
  from space 32256K, 89% used [0x00000000f5b00000,0x00000000f7722428,0x00000000f7a80000)
  to   space 36864K, 0% used [0x00000000f3700000,0x00000000f3700000,0x00000000f5b00000)
 ParOldGen       total 62464K, used 21593K [0x00000000c0000000, 0x00000000c3d00000, 0x00000000eab00000)
  object space 62464K, 34% used [0x00000000c0000000,0x00000000c1516558,0x00000000c3d00000)
 Metaspace       used 6119K, capacity 7152K, committed 7296K, reserved 1056768K
  class space    used 586K, capacity 616K, committed 640K, reserved 1048576K
Event: 4.922 GC heap after
Heap after GC invocations=10 (full 1):
 PSYoungGen      total 180224K, used 36835K [0x00000000eab00000, 0x00000000fcd00000, 0x0000000100000000)
  eden space 143360K, 0% used [0x00000000eab00000,0x00000000eab00000,0x00000000f3700000)
  from space 36864K, 99% used [0x00000000f3700000,0x00000000f5af8fa8,0x00000000f5b00000)
  to   space 52224K, 0% used [0x00000000f9a00000,0x00000000f9a00000,0x00000000fcd00000)
 ParOldGen       total 62464K, used 45295K [0x00000000c0000000, 0x00000000c3d00000, 0x00000000eab00000)
  object space 62464K, 72% used [0x00000000c0000000,0x00000000c2c3be08,0x00000000c3d00000)
 Metaspace       used 6119K, capacity 7152K, committed 7296K, reserved 1056768K
  class space    used 586K, capacity 616K, committed 640K, reserved 1048576K
}
Event: 4.922 GC heap before
{Heap before GC invocations=11 (full 2):
 PSYoungGen      total 180224K, used 36835K [0x00000000eab00000, 0x00000000fcd00000, 0x0000000100000000)
  eden space 143360K, 0% used [0x00000000eab00000,0x00000000eab00000,0x00000000f3700000)
  from space 36864K, 99% used [0x00000000f3700000,0x00000000f5af8fa8,0x00000000f5b00000)
  to   space 52224K, 0% used [0x00000000f9a00000,0x00000000f9a00000,0x00000000fcd00000)
 ParOldGen       total 62464K, used 45295K [0x00000000c0000000, 0x00000000c3d00000, 0x00000000eab00000)
  object space 62464K, 72% used [0x00000000c0000000,0x00000000c2c3be08,0x00000000c3d00000)
 Metaspace       used 6119K, capacity 7152K, committed 7296K, reserved 1056768K
  class space    used 586K, capacity 616K, committed 640K, reserved 1048576K
Event: 5.302 GC heap after
Heap after GC invocations=11 (full 2):
 PSYoungGen      total 180224K, used 12711K [0x00000000eab00000, 0x00000000fcd00000, 0x0000000100000000)
  eden space 143360K, 0% used [0x00000000eab00000,0x00000000eab00000,0x00000000f3700000)
  from space 36864K, 34% used [0x00000000f3700000,0x00000000f4369ff0,0x00000000f5b00000)
  to   space 52224K, 0% used [0x00000000f9a00000,0x00000000f9a00000,0x00000000fcd00000)
 ParOldGen       total 123392K, used 62412K [0x00000000c0000000, 0x00000000c7880000, 0x00000000eab00000)
  object space 123392K, 50% used [0x00000000c0000000,0x00000000c3cf33a8,0x00000000c7880000)
 Metaspace       used 6119K, capacity 7152K, committed 7296K, reserved 1056768K
  class space    used 586K, capacity 616K, committed 640K, reserved 1048576K
}
Event: 5.956 GC heap before
{Heap before GC invocations=12 (full 2):
 PSYoungGen      total 180224K, used 156071K [0x00000000eab00000, 0x00000000fcd00000, 0x0000000100000000)
  eden space 143360K, 100% used [0x00000000eab00000,0x00000000f3700000,0x00000000f3700000)
  from space 36864K, 34% used [0x00000000f3700000,0x00000000f4369ff0,0x00000000f5b00000)
  to   space 52224K, 0% used [0x00000000f9a00000,0x00000000f9a00000,0x00000000fcd00000)
 ParOldGen       total 123392K, used 62412K [0x00000000c0000000, 0x00000000c7880000, 0x00000000eab00000)
  object space 123392K, 50% used [0x00000000c0000000,0x00000000c3cf33a8,0x00000000c7880000)
 Metaspace       used 6144K, capacity 7152K, committed 7296K, reserved 1056768K
  class space    used 588K, capacity 616K, committed 640K, reserved 1048576K
Event: 6.015 GC heap after
Heap after GC invocations=12 (full 2):
 PSYoungGen      total 233472K, used 38526K [0x00000000eab00000, 0x00000000fcb00000, 0x0000000100000000)
  eden space 183296K, 0% used [0x00000000eab00000,0x00000000eab00000,0x00000000f5e00000)
  from space 50176K, 76% used [0x00000000f9a00000,0x00000000fbf9f9b8,0x00000000fcb00000)
  to   space 55808K, 0% used [0x00000000f5e00000,0x00000000f5e00000,0x00000000f9480000)
 ParOldGen       total 123392K, used 64342K [0x00000000c0000000, 0x00000000c7880000, 0x00000000eab00000)
  object space 123392K, 52% used [0x00000000c0000000,0x00000000c3ed5af8,0x00000000c7880000)
 Metaspace       used 6144K, capacity 7152K, committed 7296K, reserved 1056768K
  class space    used 588K, capacity 616K, committed 640K, reserved 1048576K
}

Deoptimization events (10 events):
Event: 2.996 Thread 0x0000000056e26800 Uncommon trap: reason=unstable_if action=reinterpret pc=0x0000000002d1c9a8 method=com.android.dx.ssa.SsaRenamer$BlockRenamer.visitMoveInsn(Lcom/android/dx/ssa/NormalSsaInsn;)V @ 104
Event: 3.401 Thread 0x0000000056e26800 Uncommon trap: reason=bimorphic action=maybe_recompile pc=0x00000000029eec48 method=java.util.HashMap.getNode(ILjava/lang/Object;)Ljava/util/HashMap$Node; @ 126
Event: 3.401 Thread 0x0000000056e26800 Uncommon trap: reason=bimorphic action=maybe_recompile pc=0x0000000002a037f0 method=java.util.HashMap.getNode(ILjava/lang/Object;)Ljava/util/HashMap$Node; @ 126
Event: 4.365 Thread 0x0000000056e21800 Uncommon trap: reason=bimorphic action=maybe_recompile pc=0x0000000002ccd1a8 method=com.android.dx.cf.code.BytecodeArray.parseInstruction(ILcom/android/dx/cf/code/BytecodeArray$Visitor;)I @ 1130
Event: 4.365 Thread 0x0000000056e21800 Uncommon trap: reason=bimorphic action=maybe_recompile pc=0x0000000002cccc48 method=com.android.dx.cf.code.BytecodeArray.parseInstruction(ILcom/android/dx/cf/code/BytecodeArray$Visitor;)I @ 907
Event: 4.365 Thread 0x0000000056e21800 Uncommon trap: reason=bimorphic action=maybe_recompile pc=0x0000000002ccd308 method=com.android.dx.cf.code.BytecodeArray.parseInstruction(ILcom/android/dx/cf/code/BytecodeArray$Visitor;)I @ 1224
Event: 4.365 Thread 0x0000000056e21800 Uncommon trap: reason=bimorphic action=maybe_recompile pc=0x0000000002ccccd4 method=com.android.dx.cf.code.BytecodeArray.parseInstruction(ILcom/android/dx/cf/code/BytecodeArray$Visitor;)I @ 923
Event: 4.365 Thread 0x0000000056e21800 Uncommon trap: reason=bimorphic action=maybe_recompile pc=0x0000000002ccd308 method=com.android.dx.cf.code.BytecodeArray.parseInstruction(ILcom/android/dx/cf/code/BytecodeArray$Visitor;)I @ 1224
Event: 4.366 Thread 0x0000000056e21800 Uncommon trap: reason=unstable_if action=reinterpret pc=0x0000000002dbdac0 method=com.android.dx.cf.code.RopperMachine.run(Lcom/android/dx/cf/code/Frame;II)V @ 1500
Event: 4.558 Thread 0x0000000056d63000 Uncommon trap: reason=unstable_if action=reinterpret pc=0x0000000002e03f80 method=java.util.HashMap.putVal(ILjava/lang/Object;Ljava/lang/Object;ZZ)Ljava/lang/Object; @ 94

Internal exceptions (4 events):
Event: 0.051 Thread 0x00000000020ae000 Exception <a 'java/lang/NoSuchMethodError': Method sun.misc.Unsafe.defineClass(Ljava/lang/String;[BII)Ljava/lang/Class; name or signature does not match> (0x00000000eab0cf38) thrown at [C:\re\workspace\8-2-build-windows-amd64-cygwin\jdk8u60\4407\hotspot\srVIC¡Ää©?
Event: 0.051 Thread 0x00000000020ae000 Exception <a 'java/lang/NoSuchMethodError': Method sun.misc.Unsafe.prefetchRead(Ljava/lang/Object;J)V name or signature does not match> (0x00000000eab0d220) thrown at [C:\re\workspace\8-2-build-windows-amd64-cygwin\jdk8u60\4407\hotspot\src\share\vm\prims\j•*@aâ?
Event: 0.574 Thread 0x0000000056e21800 Implicit null exception at 0x0000000002a497fb to 0x0000000002a4b7b5
Event: 0.575 Thread 0x0000000056e21800 Implicit null exception at 0x0000000002a0bb16 to 0x0000000002a0d47d

Events (10 events):
Event: 6.604 Thread 0x0000000056e26800 DEOPT PACKING pc=0x0000000002be7aec sp=0x0000000057a3ec60
Event: 6.604 Thread 0x0000000056e26800 DEOPT UNPACKING pc=0x00000000027e747f sp=0x0000000057a3e9e0 mode 0
Event: 6.652 Thread 0x0000000056e21800 DEOPT PACKING pc=0x0000000002ab1e59 sp=0x000000005782e8e0
Event: 6.652 Thread 0x0000000056e21800 DEOPT UNPACKING pc=0x00000000027e747f sp=0x000000005782e5f8 mode 0
Event: 6.653 Thread 0x0000000056e21800 DEOPT PACKING pc=0x0000000002ab1e59 sp=0x000000005782e8e0
Event: 6.653 Thread 0x0000000056e21800 DEOPT UNPACKING pc=0x00000000027e747f sp=0x000000005782e5f8 mode 0
Event: 6.654 Thread 0x0000000056e2c800 DEOPT PACKING pc=0x0000000002ab1e59 sp=0x0000000057bee6b0
Event: 6.654 Thread 0x0000000056e2c800 DEOPT UNPACKING pc=0x00000000027e747f sp=0x0000000057bee3c8 mode 0
Event: 6.655 Thread 0x0000000056e2c800 DEOPT PACKING pc=0x0000000002ab1e59 sp=0x0000000057bee6b0
Event: 6.655 Thread 0x0000000056e2c800 DEOPT UNPACKING pc=0x00000000027e747f sp=0x0000000057bee3c8 mode 0


Dynamic libraries:
0x000000013f750000 - 0x000000013f787000 	C:\Program Files\Java\jdk1.8.0_60\bin\java.exe
0x0000000077860000 - 0x0000000077a0a000 	C:\Windows\SYSTEM32\ntdll.dll
0x0000000077740000 - 0x000000007785f000 	C:\Windows\system32\kernel32.dll
0x000007fefd630000 - 0x000007fefd69a000 	C:\Windows\system32\KERNELBASE.dll
0x000007feff560000 - 0x000007feff63b000 	C:\Windows\system32\ADVAPI32.dll
0x000007feff880000 - 0x000007feff91f000 	C:\Windows\system32\msvcrt.dll
0x000007feff860000 - 0x000007feff87f000 	C:\Windows\SYSTEM32\sechost.dll
0x000007feffa40000 - 0x000007feffb6d000 	C:\Windows\system32\RPCRT4.dll
0x0000000077640000 - 0x000000007773a000 	C:\Windows\system32\USER32.dll
0x000007feff9d0000 - 0x000007feffa37000 	C:\Windows\system32\GDI32.dll
0x000007feff640000 - 0x000007feff64e000 	C:\Windows\system32\LPK.dll
0x000007fefe3a0000 - 0x000007fefe46a000 	C:\Windows\system32\USP10.dll
0x000007fefbdf0000 - 0x000007fefbfe4000 	C:\Windows\WinSxS\amd64_microsoft.windows.common-controls_6595b64144ccf1df_6.0.7601.18837_none_fa3b1e3d17594757\COMCTL32.dll
0x000007fefe320000 - 0x000007fefe391000 	C:\Windows\system32\SHLWAPI.dll
0x000007fefe160000 - 0x000007fefe18e000 	C:\Windows\system32\IMM32.DLL
0x000007fefdc50000 - 0x000007fefdd59000 	C:\Windows\system32\MSCTF.dll
0x0000000070610000 - 0x00000000706e2000 	C:\Program Files\Java\jdk1.8.0_60\jre\bin\msvcr100.dll
0x000000006fb90000 - 0x0000000070419000 	C:\Program Files\Java\jdk1.8.0_60\jre\bin\server\jvm.dll
0x000007feeae40000 - 0x000007feeae49000 	C:\Windows\system32\WSOCK32.dll
0x000007feff980000 - 0x000007feff9cd000 	C:\Windows\system32\WS2_32.dll
0x000007feff4d0000 - 0x000007feff4d8000 	C:\Windows\system32\NSI.dll
0x000007fefb2e0000 - 0x000007fefb31b000 	C:\Windows\system32\WINMM.dll
0x000007fefc790000 - 0x000007fefc79c000 	C:\Windows\system32\VERSION.dll
0x0000000077a30000 - 0x0000000077a37000 	C:\Windows\system32\PSAPI.DLL
0x0000000074b30000 - 0x0000000074b3f000 	C:\Program Files\Java\jdk1.8.0_60\jre\bin\verify.dll
0x0000000074b00000 - 0x0000000074b29000 	C:\Program Files\Java\jdk1.8.0_60\jre\bin\java.dll
0x0000000074020000 - 0x0000000074036000 	C:\Program Files\Java\jdk1.8.0_60\jre\bin\zip.dll
0x000007fefe740000 - 0x000007feff4c9000 	C:\Windows\system32\SHELL32.dll
0x000007feff650000 - 0x000007feff853000 	C:\Windows\system32\ole32.dll
0x000007fefd620000 - 0x000007fefd62f000 	C:\Windows\system32\profapi.dll
0x000007feef0b0000 - 0x000007feef1d5000 	C:\Windows\system32\dbghelp.dll

VM Arguments:
jvm_args: -Djava.awt.headless=true -Xmx1024M -Dfile.encoding=windows-1252 -Duser.country=US -Duser.language=en -Duser.variant 
java_command: com.android.dx.command.Main --dex --force-jumbo --num-threads=4 --output D:\ANIL ATRI\Assan\Assan\app\build\intermediates\pre-dexed\debug\main_c010d57757d694f44ecd78edee8f21d50bc6ff8b.jar D:\ANIL ATRI\Assan\Assan\app\build\intermediates\transforms\instantRun\debug\folders\1\5\main
java_class_path (initial): D:\Old\adt-bundle-windows-x86_64-20140702\sdk\build-tools\23.0.2\lib\dx.jar
Launcher Type: SUN_STANDARD

Environment Variables:
JAVA_HOME=C:\Program Files\Java\jdk1.8.0_60
PATH=C:\ProgramData\Oracle\Java\javapath;C:\Windows\system32;C:\Windows;C:\Windows\System32\Wbem;C:\Windows\System32\WindowsPowerShell\v1.0\;C:\Program Files (x86)\Skype\Phone\;C:\Program Files\TortoiseSVN\bin;C:\Program Files\Java\jdk1.8.0_60\bin
USERNAME=Digi-T25
OS=Windows_NT
PROCESSOR_IDENTIFIER=Intel64 Family 6 Model 37 Stepping 5, GenuineIntel



---------------  S Y S T E M  ---------------

OS: Windows 7 , 64 bit Build 7601 (6.1.7601.23418)

CPU:total 4 (2 cores per cpu, 2 threads per core) family 6 model 37 stepping 5, cmov, cx8, fxsr, mmx, sse, sse2, sse3, ssse3, sse4.1, sse4.2, popcnt, ht, tsc, tscinvbit

Memory: 4k page, physical 3986760k(427164k free), swap 7971660k(2032152k free)

vm_info: Java HotSpot(TM) 64-Bit Server VM (25.60-b23) for windows-amd64 JRE (1.8.0_60-b27), built on Aug  4 2015 11:06:27 by "java_re" with MS VC++ 10.0 (VS2010)

time: Fri Jun 17 19:53:01 2016
elapsed time: 7 seconds (0d 0h 0m 7s)

